<?xml version="1.0" encoding="UTF-8"?>
<coverage generated="1760564969008" clover="3.2.0">
  <project timestamp="1760564969008" name="All files">
    <metrics statements="72" coveredstatements="51" conditionals="55" coveredconditionals="30" methods="24" coveredmethods="15" elements="151" coveredelements="96" complexity="0" loc="72" ncloc="72" packages="1" files="2" classes="2"/>
    <file name="HorizontalCarousel.tsx" path="/Users/wdospinal/Documents/code/zanacode/pmg-sancrisoft-app/src/components/HorizontalCarousel.tsx">
      <metrics statements="23" coveredstatements="22" conditionals="22" coveredconditionals="20" methods="8" coveredmethods="7"/>
      <line num="14" count="1" type="stmt"/>
      <line num="15" count="1" type="stmt"/>
      <line num="16" count="1" type="stmt"/>
      <line num="17" count="1" type="stmt"/>
      <line num="19" count="1" type="stmt"/>
      <line num="20" count="15" type="stmt"/>
      <line num="22" count="15" type="stmt"/>
      <line num="23" count="2" type="cond" truecount="1" falsecount="1"/>
      <line num="24" count="2" type="cond" truecount="2" falsecount="0"/>
      <line num="25" count="2" type="stmt"/>
      <line num="26" count="0" type="stmt"/>
      <line num="31" count="15" type="cond" truecount="2" falsecount="0"/>
      <line num="34" count="15" type="stmt"/>
      <line num="35" count="8" type="stmt"/>
      <line num="43" count="24" type="stmt"/>
      <line num="63" count="15" type="cond" truecount="2" falsecount="0"/>
      <line num="64" count="8" type="stmt"/>
      <line num="67" count="7" type="cond" truecount="4" falsecount="0"/>
      <line num="68" count="2" type="stmt"/>
      <line num="71" count="5" type="stmt"/>
      <line num="82" count="13" type="stmt"/>
      <line num="91" count="2" type="stmt"/>
      <line num="110" count="1" type="stmt"/>
    </file>
    <file name="StoriesSlider.tsx" path="/Users/wdospinal/Documents/code/zanacode/pmg-sancrisoft-app/src/components/StoriesSlider.tsx">
      <metrics statements="49" coveredstatements="29" conditionals="33" coveredconditionals="10" methods="16" coveredmethods="8"/>
      <line num="17" count="1" type="stmt"/>
      <line num="18" count="1" type="stmt"/>
      <line num="20" count="1" type="stmt"/>
      <line num="21" count="5" type="stmt"/>
      <line num="25" count="5" type="stmt"/>
      <line num="26" count="5" type="stmt"/>
      <line num="27" count="5" type="stmt"/>
      <line num="30" count="5" type="stmt"/>
      <line num="31" count="3" type="cond" truecount="2" falsecount="0"/>
      <line num="35" count="5" type="stmt"/>
      <line num="38" count="5" type="cond" truecount="1" falsecount="1"/>
      <line num="39" count="5" type="stmt"/>
      <line num="40" count="0" type="cond" truecount="0" falsecount="2"/>
      <line num="41" count="0" type="stmt"/>
      <line num="42" count="0" type="stmt"/>
      <line num="43" count="0" type="stmt"/>
      <line num="47" count="5" type="stmt"/>
      <line num="48" count="0" type="stmt"/>
      <line num="49" count="0" type="stmt"/>
      <line num="52" count="5" type="stmt"/>
      <line num="53" count="0" type="stmt"/>
      <line num="54" count="0" type="stmt"/>
      <line num="57" count="5" type="stmt"/>
      <line num="58" count="0" type="stmt"/>
      <line num="59" count="0" type="stmt"/>
      <line num="61" count="0" type="stmt"/>
      <line num="67" count="0" type="cond" truecount="0" falsecount="2"/>
      <line num="68" count="0" type="stmt"/>
      <line num="73" count="5" type="stmt"/>
      <line num="74" count="0" type="cond" truecount="0" falsecount="2"/>
      <line num="75" count="0" type="stmt"/>
      <line num="79" count="5" type="stmt"/>
      <line num="80" count="3" type="cond" truecount="2" falsecount="2"/>
      <line num="82" count="0" type="stmt"/>
      <line num="84" count="0" type="stmt"/>
      <line num="87" count="3" type="stmt"/>
      <line num="88" count="3" type="stmt"/>
      <line num="92" count="5" type="stmt"/>
      <line num="93" count="3" type="stmt"/>
      <line num="94" count="0" type="stmt"/>
      <line num="97" count="3" type="stmt"/>
      <line num="98" count="3" type="stmt"/>
      <line num="103" count="5" type="cond" truecount="2" falsecount="0"/>
      <line num="104" count="3" type="stmt"/>
      <line num="114" count="15" type="stmt"/>
      <line num="128" count="2" type="cond" truecount="3" falsecount="2"/>
      <line num="130" count="0" type="stmt"/>
      <line num="198" count="0" type="stmt"/>
      <line num="215" count="1" type="stmt"/>
    </file>
  </project>
</coverage>
