{"/Users/wdospinal/Documents/code/zanacode/pmg-sancrisoft-app/src/components/HorizontalCarousel.tsx": {"path":"/Users/wdospinal/Documents/code/zanacode/pmg-sancrisoft-app/src/components/HorizontalCarousel.tsx","statementMap":{"0":{"start":{"line":14,"column":31},"end":{"line":14,"column":55}},"1":{"start":{"line":15,"column":19},"end":{"line":15,"column":36}},"2":{"start":{"line":16,"column":21},"end":{"line":16,"column":23}},"3":{"start":{"line":17,"column":23},"end":{"line":17,"column":32}},"4":{"start":{"line":19,"column":37},"end":{"line":108,"column":1}},"5":{"start":{"line":20,"column":35},"end":{"line":20,"column":117}},"6":{"start":{"line":22,"column":26},"end":{"line":29,"column":8}},"7":{"start":{"line":23,"column":4},"end":{"line":28,"column":5}},"8":{"start":{"line":24,"column":22},"end":{"line":24,"column":80}},"9":{"start":{"line":25,"column":6},"end":{"line":27,"column":8}},"10":{"start":{"line":26,"column":8},"end":{"line":26,"column":49}},"11":{"start":{"line":31,"column":16},"end":{"line":31,"column":111}},"12":{"start":{"line":31,"column":30},"end":{"line":31,"column":71}},"13":{"start":{"line":34,"column":25},"end":{"line":61,"column":8}},"14":{"start":{"line":35,"column":4},"end":{"line":60,"column":11}},"15":{"start":{"line":43,"column":10},"end":{"line":57,"column":17}},"16":{"start":{"line":63,"column":2},"end":{"line":65,"column":3}},"17":{"start":{"line":64,"column":4},"end":{"line":64,"column":26}},"18":{"start":{"line":67,"column":2},"end":{"line":69,"column":3}},"19":{"start":{"line":68,"column":4},"end":{"line":68,"column":16}},"20":{"start":{"line":71,"column":2},"end":{"line":107,"column":4}},"21":{"start":{"line":82,"column":10},"end":{"line":103,"column":29}},"22":{"start":{"line":91,"column":27},"end":{"line":91,"column":55}},"23":{"start":{"line":110,"column":15},"end":{"line":197,"column":2}}},"fnMap":{"0":{"name":"(anonymous_0)","decl":{"start":{"line":19,"column":37},"end":{"line":19,"column":38}},"loc":{"start":{"line":19,"column":43},"end":{"line":108,"column":1}},"line":19},"1":{"name":"(anonymous_1)","decl":{"start":{"line":22,"column":38},"end":{"line":22,"column":39}},"loc":{"start":{"line":22,"column":55},"end":{"line":29,"column":3}},"line":22},"2":{"name":"(anonymous_2)","decl":{"start":{"line":25,"column":37},"end":{"line":25,"column":38}},"loc":{"start":{"line":26,"column":8},"end":{"line":26,"column":49}},"line":26},"3":{"name":"(anonymous_3)","decl":{"start":{"line":31,"column":24},"end":{"line":31,"column":25}},"loc":{"start":{"line":31,"column":30},"end":{"line":31,"column":71}},"line":31},"4":{"name":"(anonymous_4)","decl":{"start":{"line":34,"column":33},"end":{"line":34,"column":34}},"loc":{"start":{"line":35,"column":4},"end":{"line":60,"column":11}},"line":35},"5":{"name":"(anonymous_5)","decl":{"start":{"line":42,"column":28},"end":{"line":42,"column":29}},"loc":{"start":{"line":43,"column":10},"end":{"line":57,"column":17}},"line":43},"6":{"name":"(anonymous_6)","decl":{"start":{"line":81,"column":19},"end":{"line":81,"column":20}},"loc":{"start":{"line":82,"column":10},"end":{"line":103,"column":29}},"line":82},"7":{"name":"(anonymous_7)","decl":{"start":{"line":91,"column":21},"end":{"line":91,"column":22}},"loc":{"start":{"line":91,"column":27},"end":{"line":91,"column":55}},"line":91}},"branchMap":{"0":{"loc":{"start":{"line":23,"column":4},"end":{"line":28,"column":5}},"type":"if","locations":[{"start":{"line":23,"column":4},"end":{"line":28,"column":5}},{"start":{},"end":{}}],"line":23},"1":{"loc":{"start":{"line":24,"column":22},"end":{"line":24,"column":80}},"type":"cond-expr","locations":[{"start":{"line":24,"column":47},"end":{"line":24,"column":50}},{"start":{"line":24,"column":53},"end":{"line":24,"column":80}}],"line":24},"2":{"loc":{"start":{"line":31,"column":30},"end":{"line":31,"column":71}},"type":"binary-expr","locations":[{"start":{"line":31,"column":30},"end":{"line":31,"column":65}},{"start":{"line":31,"column":69},"end":{"line":31,"column":71}}],"line":31},"3":{"loc":{"start":{"line":48,"column":28},"end":{"line":48,"column":58}},"type":"cond-expr","locations":[{"start":{"line":48,"column":42},"end":{"line":48,"column":54}},{"start":{"line":48,"column":57},"end":{"line":48,"column":58}}],"line":48},"4":{"loc":{"start":{"line":63,"column":2},"end":{"line":65,"column":3}},"type":"if","locations":[{"start":{"line":63,"column":2},"end":{"line":65,"column":3}},{"start":{},"end":{}}],"line":63},"5":{"loc":{"start":{"line":67,"column":2},"end":{"line":69,"column":3}},"type":"if","locations":[{"start":{"line":67,"column":2},"end":{"line":69,"column":3}},{"start":{},"end":{}}],"line":67},"6":{"loc":{"start":{"line":67,"column":6},"end":{"line":67,"column":33}},"type":"binary-expr","locations":[{"start":{"line":67,"column":6},"end":{"line":67,"column":11}},{"start":{"line":67,"column":15},"end":{"line":67,"column":33}}],"line":67},"7":{"loc":{"start":{"line":87,"column":28},"end":{"line":87,"column":58}},"type":"cond-expr","locations":[{"start":{"line":87,"column":42},"end":{"line":87,"column":54}},{"start":{"line":87,"column":57},"end":{"line":87,"column":58}}],"line":87},"8":{"loc":{"start":{"line":88,"column":33},"end":{"line":88,"column":63}},"type":"binary-expr","locations":[{"start":{"line":88,"column":33},"end":{"line":88,"column":53}},{"start":{"line":88,"column":57},"end":{"line":88,"column":63}}],"line":88},"9":{"loc":{"start":{"line":95,"column":15},"end":{"line":95,"column":93}},"type":"binary-expr","locations":[{"start":{"line":95,"column":15},"end":{"line":95,"column":25}},{"start":{"line":95,"column":29},"end":{"line":95,"column":93}}],"line":95},"10":{"loc":{"start":{"line":97,"column":15},"end":{"line":101,"column":15}},"type":"binary-expr","locations":[{"start":{"line":97,"column":15},"end":{"line":97,"column":28}},{"start":{"line":98,"column":16},"end":{"line":100,"column":23}}],"line":97}},"s":{"0":1,"1":1,"2":1,"3":1,"4":1,"5":15,"6":15,"7":2,"8":2,"9":2,"10":0,"11":15,"12":14,"13":15,"14":8,"15":24,"16":15,"17":8,"18":7,"19":2,"20":5,"21":13,"22":2,"23":1},"f":{"0":15,"1":2,"2":0,"3":14,"4":8,"5":24,"6":13,"7":2},"b":{"0":[2,0],"1":[1,1],"2":[14,8],"3":[8,16],"4":[8,7],"5":[2,5],"6":[7,6],"7":[5,8],"8":[13,0],"9":[13,13],"10":[13,9]},"_coverageSchema":"1a1c01bbd47fc00a2c39e90264f33305004495a9","hash":"a3a1f1c1bbf4be849d57caa2e70e88a2702c2510"}
,"/Users/wdospinal/Documents/code/zanacode/pmg-sancrisoft-app/src/components/StoriesSlider.tsx": {"path":"/Users/wdospinal/Documents/code/zanacode/pmg-sancrisoft-app/src/components/StoriesSlider.tsx","statementMap":{"0":{"start":{"line":17,"column":53},"end":{"line":17,"column":77}},"1":{"start":{"line":18,"column":22},"end":{"line":18,"column":40}},"2":{"start":{"line":20,"column":32},"end":{"line":213,"column":1}},"3":{"start":{"line":21,"column":35},"end":{"line":24,"column":3}},"4":{"start":{"line":25,"column":42},"end":{"line":25,"column":53}},"5":{"start":{"line":26,"column":34},"end":{"line":26,"column":45}},"6":{"start":{"line":27,"column":23},"end":{"line":27,"column":60}},"7":{"start":{"line":30,"column":17},"end":{"line":33,"column":3}},"8":{"start":{"line":31,"column":4},"end":{"line":31,"column":64}},"9":{"start":{"line":35,"column":23},"end":{"line":35,"column":82}},"10":{"start":{"line":35,"column":37},"end":{"line":35,"column":57}},"11":{"start":{"line":38,"column":19},"end":{"line":38,"column":90}},"12":{"start":{"line":39,"column":17},"end":{"line":45,"column":4}},"13":{"start":{"line":40,"column":4},"end":{"line":44,"column":5}},"14":{"start":{"line":41,"column":6},"end":{"line":41,"column":25}},"15":{"start":{"line":42,"column":6},"end":{"line":42,"column":26}},"16":{"start":{"line":43,"column":6},"end":{"line":43,"column":20}},"17":{"start":{"line":47,"column":24},"end":{"line":50,"column":20}},"18":{"start":{"line":48,"column":4},"end":{"line":48,"column":29}},"19":{"start":{"line":49,"column":4},"end":{"line":49,"column":19}},"20":{"start":{"line":52,"column":19},"end":{"line":55,"column":35}},"21":{"start":{"line":53,"column":22},"end":{"line":53,"column":56}},"22":{"start":{"line":54,"column":4},"end":{"line":54,"column":31}},"23":{"start":{"line":57,"column":24},"end":{"line":71,"column":45}},"24":{"start":{"line":58,"column":4},"end":{"line":58,"column":20}},"25":{"start":{"line":59,"column":4},"end":{"line":59,"column":29}},"26":{"start":{"line":61,"column":4},"end":{"line":70,"column":7}},"27":{"start":{"line":67,"column":6},"end":{"line":69,"column":7}},"28":{"start":{"line":68,"column":8},"end":{"line":68,"column":19}},"29":{"start":{"line":73,"column":23},"end":{"line":76,"column":35}},"30":{"start":{"line":74,"column":22},"end":{"line":74,"column":79}},"31":{"start":{"line":75,"column":4},"end":{"line":75,"column":31}},"32":{"start":{"line":79,"column":2},"end":{"line":90,"column":36}},"33":{"start":{"line":80,"column":4},"end":{"line":85,"column":5}},"34":{"start":{"line":82,"column":6},"end":{"line":82,"column":35}},"35":{"start":{"line":84,"column":6},"end":{"line":84,"column":43}},"36":{"start":{"line":87,"column":4},"end":{"line":89,"column":6}},"37":{"start":{"line":88,"column":6},"end":{"line":88,"column":35}},"38":{"start":{"line":92,"column":2},"end":{"line":100,"column":21}},"39":{"start":{"line":93,"column":21},"end":{"line":95,"column":6}},"40":{"start":{"line":94,"column":6},"end":{"line":94,"column":25}},"41":{"start":{"line":97,"column":4},"end":{"line":99,"column":6}},"42":{"start":{"line":98,"column":6},"end":{"line":98,"column":44}},"43":{"start":{"line":103,"column":2},"end":{"line":126,"column":3}},"44":{"start":{"line":104,"column":4},"end":{"line":125,"column":6}},"45":{"start":{"line":114,"column":12},"end":{"line":114,"column":67}},"46":{"start":{"line":128,"column":2},"end":{"line":128,"column":65}},"47":{"start":{"line":128,"column":53},"end":{"line":128,"column":65}},"48":{"start":{"line":130,"column":2},"end":{"line":212,"column":4}},"49":{"start":{"line":198,"column":10},"end":{"line":208,"column":17}},"50":{"start":{"line":215,"column":15},"end":{"line":365,"column":2}}},"fnMap":{"0":{"name":"(anonymous_0)","decl":{"start":{"line":20,"column":32},"end":{"line":20,"column":33}},"loc":{"start":{"line":20,"column":38},"end":{"line":213,"column":1}},"line":20},"1":{"name":"(anonymous_1)","decl":{"start":{"line":30,"column":25},"end":{"line":30,"column":26}},"loc":{"start":{"line":31,"column":4},"end":{"line":31,"column":64}},"line":31},"2":{"name":"(anonymous_2)","decl":{"start":{"line":35,"column":31},"end":{"line":35,"column":32}},"loc":{"start":{"line":35,"column":37},"end":{"line":35,"column":57}},"line":35},"3":{"name":"(anonymous_3)","decl":{"start":{"line":39,"column":42},"end":{"line":39,"column":43}},"loc":{"start":{"line":39,"column":52},"end":{"line":45,"column":3}},"line":39},"4":{"name":"(anonymous_4)","decl":{"start":{"line":47,"column":36},"end":{"line":47,"column":37}},"loc":{"start":{"line":47,"column":42},"end":{"line":50,"column":3}},"line":47},"5":{"name":"(anonymous_5)","decl":{"start":{"line":52,"column":31},"end":{"line":52,"column":32}},"loc":{"start":{"line":52,"column":37},"end":{"line":55,"column":3}},"line":52},"6":{"name":"(anonymous_6)","decl":{"start":{"line":57,"column":36},"end":{"line":57,"column":37}},"loc":{"start":{"line":57,"column":58},"end":{"line":71,"column":3}},"line":57},"7":{"name":"(anonymous_7)","decl":{"start":{"line":66,"column":13},"end":{"line":66,"column":14}},"loc":{"start":{"line":66,"column":31},"end":{"line":70,"column":5}},"line":66},"8":{"name":"(anonymous_8)","decl":{"start":{"line":73,"column":35},"end":{"line":73,"column":36}},"loc":{"start":{"line":73,"column":41},"end":{"line":76,"column":3}},"line":73},"9":{"name":"(anonymous_9)","decl":{"start":{"line":79,"column":12},"end":{"line":79,"column":13}},"loc":{"start":{"line":79,"column":18},"end":{"line":90,"column":3}},"line":79},"10":{"name":"(anonymous_10)","decl":{"start":{"line":87,"column":11},"end":{"line":87,"column":12}},"loc":{"start":{"line":87,"column":17},"end":{"line":89,"column":5}},"line":87},"11":{"name":"(anonymous_11)","decl":{"start":{"line":92,"column":12},"end":{"line":92,"column":13}},"loc":{"start":{"line":92,"column":18},"end":{"line":100,"column":3}},"line":92},"12":{"name":"(anonymous_12)","decl":{"start":{"line":93,"column":46},"end":{"line":93,"column":47}},"loc":{"start":{"line":93,"column":61},"end":{"line":95,"column":5}},"line":93},"13":{"name":"(anonymous_13)","decl":{"start":{"line":97,"column":11},"end":{"line":97,"column":12}},"loc":{"start":{"line":97,"column":17},"end":{"line":99,"column":5}},"line":97},"14":{"name":"(anonymous_14)","decl":{"start":{"line":113,"column":31},"end":{"line":113,"column":32}},"loc":{"start":{"line":114,"column":12},"end":{"line":114,"column":67}},"line":114},"15":{"name":"(anonymous_15)","decl":{"start":{"line":197,"column":20},"end":{"line":197,"column":21}},"loc":{"start":{"line":198,"column":10},"end":{"line":208,"column":17}},"line":198}},"branchMap":{"0":{"loc":{"start":{"line":31,"column":30},"end":{"line":31,"column":63}},"type":"binary-expr","locations":[{"start":{"line":31,"column":30},"end":{"line":31,"column":55}},{"start":{"line":31,"column":59},"end":{"line":31,"column":63}}],"line":31},"1":{"loc":{"start":{"line":38,"column":19},"end":{"line":38,"column":90}},"type":"cond-expr","locations":[{"start":{"line":38,"column":64},"end":{"line":38,"column":85}},{"start":{"line":38,"column":88},"end":{"line":38,"column":90}}],"line":38},"2":{"loc":{"start":{"line":40,"column":4},"end":{"line":44,"column":5}},"type":"if","locations":[{"start":{"line":40,"column":4},"end":{"line":44,"column":5}},{"start":{},"end":{}}],"line":40},"3":{"loc":{"start":{"line":67,"column":6},"end":{"line":69,"column":7}},"type":"if","locations":[{"start":{"line":67,"column":6},"end":{"line":69,"column":7}},{"start":{},"end":{}}],"line":67},"4":{"loc":{"start":{"line":74,"column":22},"end":{"line":74,"column":79}},"type":"cond-expr","locations":[{"start":{"line":74,"column":43},"end":{"line":74,"column":60}},{"start":{"line":74,"column":63},"end":{"line":74,"column":79}}],"line":74},"5":{"loc":{"start":{"line":80,"column":4},"end":{"line":85,"column":5}},"type":"if","locations":[{"start":{"line":80,"column":4},"end":{"line":85,"column":5}},{"start":{},"end":{}}],"line":80},"6":{"loc":{"start":{"line":80,"column":8},"end":{"line":80,"column":41}},"type":"binary-expr","locations":[{"start":{"line":80,"column":8},"end":{"line":80,"column":20}},{"start":{"line":80,"column":24},"end":{"line":80,"column":41}}],"line":80},"7":{"loc":{"start":{"line":103,"column":2},"end":{"line":126,"column":3}},"type":"if","locations":[{"start":{"line":103,"column":2},"end":{"line":126,"column":3}},{"start":{},"end":{}}],"line":103},"8":{"loc":{"start":{"line":128,"column":2},"end":{"line":128,"column":65}},"type":"if","locations":[{"start":{"line":128,"column":2},"end":{"line":128,"column":65}},{"start":{},"end":{}}],"line":128},"9":{"loc":{"start":{"line":128,"column":6},"end":{"line":128,"column":51}},"type":"binary-expr","locations":[{"start":{"line":128,"column":6},"end":{"line":128,"column":11}},{"start":{"line":128,"column":15},"end":{"line":128,"column":28}},{"start":{"line":128,"column":32},"end":{"line":128,"column":51}}],"line":128},"10":{"loc":{"start":{"line":133,"column":7},"end":{"line":146,"column":7}},"type":"cond-expr","locations":[{"start":{"line":134,"column":8},"end":{"line":139,"column":10}},{"start":{"line":141,"column":8},"end":{"line":145,"column":10}}],"line":133},"11":{"loc":{"start":{"line":149,"column":7},"end":{"line":151,"column":7}},"type":"binary-expr","locations":[{"start":{"line":149,"column":7},"end":{"line":149,"column":38}},{"start":{"line":150,"column":8},"end":{"line":150,"column":43}}],"line":149},"12":{"loc":{"start":{"line":160,"column":11},"end":{"line":168,"column":18}},"type":"cond-expr","locations":[{"start":{"line":161,"column":12},"end":{"line":165,"column":14}},{"start":{"line":166,"column":14},"end":{"line":168,"column":18}}],"line":160},"13":{"loc":{"start":{"line":166,"column":14},"end":{"line":168,"column":18}},"type":"cond-expr","locations":[{"start":{"line":167,"column":12},"end":{"line":167,"column":78}},{"start":{"line":168,"column":14},"end":{"line":168,"column":18}}],"line":166},"14":{"loc":{"start":{"line":203,"column":25},"end":{"line":204,"column":72}},"type":"cond-expr","locations":[{"start":{"line":203,"column":48},"end":{"line":203,"column":54}},{"start":{"line":204,"column":20},"end":{"line":204,"column":72}}],"line":203},"15":{"loc":{"start":{"line":204,"column":20},"end":{"line":204,"column":72}},"type":"cond-expr","locations":[{"start":{"line":204,"column":45},"end":{"line":204,"column":65}},{"start":{"line":204,"column":68},"end":{"line":204,"column":72}}],"line":204}},"s":{"0":1,"1":1,"2":1,"3":5,"4":5,"5":5,"6":5,"7":5,"8":3,"9":5,"10":3,"11":5,"12":5,"13":0,"14":0,"15":0,"16":0,"17":5,"18":0,"19":0,"20":5,"21":0,"22":0,"23":5,"24":0,"25":0,"26":0,"27":0,"28":0,"29":5,"30":0,"31":0,"32":5,"33":3,"34":0,"35":0,"36":3,"37":3,"38":5,"39":3,"40":0,"41":3,"42":3,"43":5,"44":3,"45":15,"46":2,"47":2,"48":0,"49":0,"50":1},"f":{"0":5,"1":3,"2":3,"3":0,"4":0,"5":0,"6":0,"7":0,"8":0,"9":3,"10":3,"11":3,"12":0,"13":3,"14":15,"15":0},"b":{"0":[3,3],"1":[0,5],"2":[0,0],"3":[0,0],"4":[0,0],"5":[0,3],"6":[3,0],"7":[3,2],"8":[2,0],"9":[2,2,0],"10":[0,0],"11":[0,0],"12":[0,0],"13":[0,0],"14":[0,0],"15":[0,0]},"_coverageSchema":"1a1c01bbd47fc00a2c39e90264f33305004495a9","hash":"9fe1a4d981e58ea079103aeec64e813752e4a9ef"}
}
