TN:
SF:src/components/HorizontalCarousel.tsx
FN:19,(anonymous_0)
FN:22,(anonymous_1)
FN:25,(anonymous_2)
FN:31,(anonymous_3)
FN:34,(anonymous_4)
FN:42,(anonymous_5)
FN:81,(anonymous_6)
FN:91,(anonymous_7)
FNF:8
FNH:7
FNDA:15,(anonymous_0)
FNDA:2,(anonymous_1)
FNDA:0,(anonymous_2)
FNDA:14,(anonymous_3)
FNDA:8,(anonymous_4)
FNDA:24,(anonymous_5)
FNDA:13,(anonymous_6)
FNDA:2,(anonymous_7)
DA:14,1
DA:15,1
DA:16,1
DA:17,1
DA:19,1
DA:20,15
DA:22,15
DA:23,2
DA:24,2
DA:25,2
DA:26,0
DA:31,15
DA:34,15
DA:35,8
DA:43,24
DA:63,15
DA:64,8
DA:67,7
DA:68,2
DA:71,5
DA:82,13
DA:91,2
DA:110,1
LF:23
LH:22
BRDA:23,0,0,2
BRDA:23,0,1,0
BRDA:24,1,0,1
BRDA:24,1,1,1
BRDA:31,2,0,14
BRDA:31,2,1,8
BRDA:48,3,0,8
BRDA:48,3,1,16
BRDA:63,4,0,8
BRDA:63,4,1,7
BRDA:67,5,0,2
BRDA:67,5,1,5
BRDA:67,6,0,7
BRDA:67,6,1,6
BRDA:87,7,0,5
BRDA:87,7,1,8
BRDA:88,8,0,13
BRDA:88,8,1,0
BRDA:95,9,0,13
BRDA:95,9,1,13
BRDA:97,10,0,13
BRDA:97,10,1,9
BRF:22
BRH:20
end_of_record
TN:
SF:src/components/StoriesSlider.tsx
FN:20,(anonymous_0)
FN:30,(anonymous_1)
FN:35,(anonymous_2)
FN:39,(anonymous_3)
FN:47,(anonymous_4)
FN:52,(anonymous_5)
FN:57,(anonymous_6)
FN:66,(anonymous_7)
FN:73,(anonymous_8)
FN:79,(anonymous_9)
FN:87,(anonymous_10)
FN:92,(anonymous_11)
FN:93,(anonymous_12)
FN:97,(anonymous_13)
FN:113,(anonymous_14)
FN:197,(anonymous_15)
FNF:16
FNH:8
FNDA:5,(anonymous_0)
FNDA:3,(anonymous_1)
FNDA:3,(anonymous_2)
FNDA:0,(anonymous_3)
FNDA:0,(anonymous_4)
FNDA:0,(anonymous_5)
FNDA:0,(anonymous_6)
FNDA:0,(anonymous_7)
FNDA:0,(anonymous_8)
FNDA:3,(anonymous_9)
FNDA:3,(anonymous_10)
FNDA:3,(anonymous_11)
FNDA:0,(anonymous_12)
FNDA:3,(anonymous_13)
FNDA:15,(anonymous_14)
FNDA:0,(anonymous_15)
DA:17,1
DA:18,1
DA:20,1
DA:21,5
DA:25,5
DA:26,5
DA:27,5
DA:30,5
DA:31,3
DA:35,5
DA:38,5
DA:39,5
DA:40,0
DA:41,0
DA:42,0
DA:43,0
DA:47,5
DA:48,0
DA:49,0
DA:52,5
DA:53,0
DA:54,0
DA:57,5
DA:58,0
DA:59,0
DA:61,0
DA:67,0
DA:68,0
DA:73,5
DA:74,0
DA:75,0
DA:79,5
DA:80,3
DA:82,0
DA:84,0
DA:87,3
DA:88,3
DA:92,5
DA:93,3
DA:94,0
DA:97,3
DA:98,3
DA:103,5
DA:104,3
DA:114,15
DA:128,2
DA:130,0
DA:198,0
DA:215,1
LF:49
LH:29
BRDA:31,0,0,3
BRDA:31,0,1,3
BRDA:38,1,0,0
BRDA:38,1,1,5
BRDA:40,2,0,0
BRDA:40,2,1,0
BRDA:67,3,0,0
BRDA:67,3,1,0
BRDA:74,4,0,0
BRDA:74,4,1,0
BRDA:80,5,0,0
BRDA:80,5,1,3
BRDA:80,6,0,3
BRDA:80,6,1,0
BRDA:103,7,0,3
BRDA:103,7,1,2
BRDA:128,8,0,2
BRDA:128,8,1,0
BRDA:128,9,0,2
BRDA:128,9,1,2
BRDA:128,9,2,0
BRDA:133,10,0,0
BRDA:133,10,1,0
BRDA:149,11,0,0
BRDA:149,11,1,0
BRDA:160,12,0,0
BRDA:160,12,1,0
BRDA:166,13,0,0
BRDA:166,13,1,0
BRDA:203,14,0,0
BRDA:203,14,1,0
BRDA:204,15,0,0
BRDA:204,15,1,0
BRF:33
BRH:10
end_of_record
